ERROR - 2023-09-22 11:11:45 --> Error connecting to the database: mysqli_sql_exception: Unknown database 'tblproducts' in C:\laragon\www\lab1-products\system\Database\MySQLi\Connection.php:185
Stack trace:
#0 C:\laragon\www\lab1-products\system\Database\MySQLi\Connection.php(185): mysqli->real_connect('localhost', 'root', '', 'tblproducts', 3306, '', 0)
#1 C:\laragon\www\lab1-products\system\Database\BaseConnection.php(391): CodeIgniter\Database\MySQLi\Connection->connect(false)
#2 C:\laragon\www\lab1-products\system\Database\BaseConnection.php(574): CodeIgniter\Database\BaseConnection->initialize()
#3 C:\laragon\www\lab1-products\system\Database\BaseBuilder.php(1615): CodeIgniter\Database\BaseConnection->query('SELECT *\nFROM `...', Array, false)
#4 C:\laragon\www\lab1-products\system\Model.php(237): CodeIgniter\Database\BaseBuilder->get()
#5 C:\laragon\www\lab1-products\system\BaseModel.php(624): CodeIgniter\Model->doFindAll(0, 0)
#6 C:\laragon\www\lab1-products\app\Controllers\ProductController.php(21): CodeIgniter\BaseModel->findAll()
#7 C:\laragon\www\lab1-products\system\CodeIgniter.php(919): App\Controllers\ProductController->jape()
#8 C:\laragon\www\lab1-products\system\CodeIgniter.php(494): CodeIgniter\CodeIgniter->runController(Object(App\Controllers\ProductController))
#9 C:\laragon\www\lab1-products\system\CodeIgniter.php(353): CodeIgniter\CodeIgniter->handleRequest(NULL, Object(Config\Cache), false)
#10 C:\laragon\www\lab1-products\public\index.php(79): CodeIgniter\CodeIgniter->run()
#11 C:\laragon\www\lab1-products\system\Commands\Server\rewrite.php(47): require_once('C:\\laragon\\www\\...')
#12 {main}

Next CodeIgniter\Database\Exceptions\DatabaseException: Unknown database 'tblproducts' in C:\laragon\www\lab1-products\system\Database\MySQLi\Connection.php:229
Stack trace:
#0 C:\laragon\www\lab1-products\system\Database\BaseConnection.php(391): CodeIgniter\Database\MySQLi\Connection->connect(false)
#1 C:\laragon\www\lab1-products\system\Database\BaseConnection.php(574): CodeIgniter\Database\BaseConnection->initialize()
#2 C:\laragon\www\lab1-products\system\Database\BaseBuilder.php(1615): CodeIgniter\Database\BaseConnection->query('SELECT *\nFROM `...', Array, false)
#3 C:\laragon\www\lab1-products\system\Model.php(237): CodeIgniter\Database\BaseBuilder->get()
#4 C:\laragon\www\lab1-products\system\BaseModel.php(624): CodeIgniter\Model->doFindAll(0, 0)
#5 C:\laragon\www\lab1-products\app\Controllers\ProductController.php(21): CodeIgniter\BaseModel->findAll()
#6 C:\laragon\www\lab1-products\system\CodeIgniter.php(919): App\Controllers\ProductController->jape()
#7 C:\laragon\www\lab1-products\system\CodeIgniter.php(494): CodeIgniter\CodeIgniter->runController(Object(App\Controllers\ProductController))
#8 C:\laragon\www\lab1-products\system\CodeIgniter.php(353): CodeIgniter\CodeIgniter->handleRequest(NULL, Object(Config\Cache), false)
#9 C:\laragon\www\lab1-products\public\index.php(79): CodeIgniter\CodeIgniter->run()
#10 C:\laragon\www\lab1-products\system\Commands\Server\rewrite.php(47): require_once('C:\\laragon\\www\\...')
#11 {main}
CRITICAL - 2023-09-22 11:11:45 --> Unable to connect to the database.
Main connection [MySQLi]: Unknown database 'tblproducts'
in SYSTEMPATH\Database\BaseConnection.php on line 427.
 1 SYSTEMPATH\Database\BaseConnection.php(574): CodeIgniter\Database\BaseConnection->initialize()
 2 SYSTEMPATH\Database\BaseBuilder.php(1615): CodeIgniter\Database\BaseConnection->query('SELECT *
FROM `tblproducts`', [], false)
 3 SYSTEMPATH\Model.php(237): CodeIgniter\Database\BaseBuilder->get()
 4 SYSTEMPATH\BaseModel.php(624): CodeIgniter\Model->doFindAll(0, 0)
 5 APPPATH\Controllers\ProductController.php(21): CodeIgniter\BaseModel->findAll()
 6 SYSTEMPATH\CodeIgniter.php(919): App\Controllers\ProductController->jape()
 7 SYSTEMPATH\CodeIgniter.php(494): CodeIgniter\CodeIgniter->runController(Object(App\Controllers\ProductController))
 8 SYSTEMPATH\CodeIgniter.php(353): CodeIgniter\CodeIgniter->handleRequest(null, Object(Config\Cache), false)
 9 FCPATH\index.php(79): CodeIgniter\CodeIgniter->run()
10 SYSTEMPATH\Commands\Server\rewrite.php(47): require_once('C:\\laragon\\www\\lab1-products\\public\\index.php')
ERROR - 2023-09-22 11:26:19 --> mysqli_sql_exception: Duplicate entry '0' for key 'tblproducts.PRIMARY' in C:\laragon\www\lab1-products\system\Database\MySQLi\Connection.php:306
Stack trace:
#0 C:\laragon\www\lab1-products\system\Database\MySQLi\Connection.php(306): mysqli->query('INSERT INTO `tb...', 0)
#1 C:\laragon\www\lab1-products\system\Database\BaseConnection.php(692): CodeIgniter\Database\MySQLi\Connection->execute('INSERT INTO `tb...')
#2 C:\laragon\www\lab1-products\system\Database\BaseConnection.php(606): CodeIgniter\Database\BaseConnection->simpleQuery('INSERT INTO `tb...')
#3 C:\laragon\www\lab1-products\system\Database\BaseBuilder.php(2308): CodeIgniter\Database\BaseConnection->query('INSERT INTO `tb...', Array, false)
#4 C:\laragon\www\lab1-products\system\Model.php(319): CodeIgniter\Database\BaseBuilder->insert()
#5 C:\laragon\www\lab1-products\system\BaseModel.php(788): CodeIgniter\Model->doInsert(Array)
#6 C:\laragon\www\lab1-products\system\Model.php(715): CodeIgniter\BaseModel->insert(Array, false)
#7 C:\laragon\www\lab1-products\system\BaseModel.php(698): CodeIgniter\Model->insert(Array, false)
#8 C:\laragon\www\lab1-products\app\Controllers\ProductController.php(39): CodeIgniter\BaseModel->save(Array)
#9 C:\laragon\www\lab1-products\system\CodeIgniter.php(919): App\Controllers\ProductController->save()
#10 C:\laragon\www\lab1-products\system\CodeIgniter.php(494): CodeIgniter\CodeIgniter->runController(Object(App\Controllers\ProductController))
#11 C:\laragon\www\lab1-products\system\CodeIgniter.php(353): CodeIgniter\CodeIgniter->handleRequest(NULL, Object(Config\Cache), false)
#12 C:\laragon\www\lab1-products\public\index.php(79): CodeIgniter\CodeIgniter->run()
#13 C:\laragon\www\lab1-products\system\Commands\Server\rewrite.php(47): require_once('C:\\laragon\\www\\...')
#14 {main}
CRITICAL - 2023-09-22 11:26:19 --> Duplicate entry '0' for key 'tblproducts.PRIMARY'
in SYSTEMPATH\Database\BaseConnection.php on line 646.
 1 SYSTEMPATH\Database\BaseBuilder.php(2308): CodeIgniter\Database\BaseConnection->query('INSERT INTO `tblproducts` (`ProductName`, `ProductDescription`, `ProductCategory`, `ProductQuantity`, `ProductPrice`) VALUES (:ProductName:, :ProductDescription:, :ProductCategory:, :ProductQuantity:, :ProductPrice:)', [...], false)
 2 SYSTEMPATH\Model.php(319): CodeIgniter\Database\BaseBuilder->insert()
 3 SYSTEMPATH\BaseModel.php(788): CodeIgniter\Model->doInsert([...])
 4 SYSTEMPATH\Model.php(715): CodeIgniter\BaseModel->insert([...], false)
 5 SYSTEMPATH\BaseModel.php(698): CodeIgniter\Model->insert([...], false)
 6 APPPATH\Controllers\ProductController.php(39): CodeIgniter\BaseModel->save([...])
 7 SYSTEMPATH\CodeIgniter.php(919): App\Controllers\ProductController->save()
 8 SYSTEMPATH\CodeIgniter.php(494): CodeIgniter\CodeIgniter->runController(Object(App\Controllers\ProductController))
 9 SYSTEMPATH\CodeIgniter.php(353): CodeIgniter\CodeIgniter->handleRequest(null, Object(Config\Cache), false)
10 FCPATH\index.php(79): CodeIgniter\CodeIgniter->run()
11 SYSTEMPATH\Commands\Server\rewrite.php(47): require_once('C:\\laragon\\www\\lab1-products\\public\\index.php')
CRITICAL - 2023-09-22 11:31:01 --> Undefined variable $prod
in APPPATH\Views\products.php on line 19.
 1 APPPATH\Views\products.php(19): CodeIgniter\Debug\Exceptions->errorHandler(2, 'Undefined variable $prod', 'C:\\laragon\\www\\lab1-products\\app\\Views\\products.php', 19)
 2 SYSTEMPATH\View\View.php(226): include('C:\\laragon\\www\\lab1-products\\app\\Views\\products.php')
 3 SYSTEMPATH\View\View.php(229): CodeIgniter\View\View->CodeIgniter\View\{closure}()
 4 SYSTEMPATH\Common.php(1188): CodeIgniter\View\View->render('/products', [], true)
 5 APPPATH\Controllers\ProductController.php(63): view('/products', [...])
 6 SYSTEMPATH\CodeIgniter.php(919): App\Controllers\ProductController->edit('12')
 7 SYSTEMPATH\CodeIgniter.php(494): CodeIgniter\CodeIgniter->runController(Object(App\Controllers\ProductController))
 8 SYSTEMPATH\CodeIgniter.php(353): CodeIgniter\CodeIgniter->handleRequest(null, Object(Config\Cache), false)
 9 FCPATH\index.php(79): CodeIgniter\CodeIgniter->run()
10 SYSTEMPATH\Commands\Server\rewrite.php(47): require_once('C:\\laragon\\www\\lab1-products\\public\\index.php')
CRITICAL - 2023-09-22 12:12:14 --> Undefined array key "ProductName: "
in APPPATH\Views\products.php on line 59.
 1 APPPATH\Views\products.php(59): CodeIgniter\Debug\Exceptions->errorHandler(2, 'Undefined array key "ProductName: "', 'C:\\laragon\\www\\lab1-products\\app\\Views\\products.php', 59)
 2 SYSTEMPATH\View\View.php(226): include('C:\\laragon\\www\\lab1-products\\app\\Views\\products.php')
 3 SYSTEMPATH\View\View.php(229): CodeIgniter\View\View->CodeIgniter\View\{closure}()
 4 SYSTEMPATH\Common.php(1188): CodeIgniter\View\View->render('products', [], true)
 5 APPPATH\Controllers\ProductController.php(22): view('products', [...])
 6 SYSTEMPATH\CodeIgniter.php(919): App\Controllers\ProductController->jape()
 7 SYSTEMPATH\CodeIgniter.php(494): CodeIgniter\CodeIgniter->runController(Object(App\Controllers\ProductController))
 8 SYSTEMPATH\CodeIgniter.php(353): CodeIgniter\CodeIgniter->handleRequest(null, Object(Config\Cache), false)
 9 FCPATH\index.php(79): CodeIgniter\CodeIgniter->run()
10 SYSTEMPATH\Commands\Server\rewrite.php(47): require_once('C:\\laragon\\www\\lab1-products\\public\\index.php')
CRITICAL - 2023-09-22 12:12:24 --> Undefined array key "ProductName: "
in APPPATH\Views\products.php on line 59.
 1 APPPATH\Views\products.php(59): CodeIgniter\Debug\Exceptions->errorHandler(2, 'Undefined array key "ProductName: "', 'C:\\laragon\\www\\lab1-products\\app\\Views\\products.php', 59)
 2 SYSTEMPATH\View\View.php(226): include('C:\\laragon\\www\\lab1-products\\app\\Views\\products.php')
 3 SYSTEMPATH\View\View.php(229): CodeIgniter\View\View->CodeIgniter\View\{closure}()
 4 SYSTEMPATH\Common.php(1188): CodeIgniter\View\View->render('products', [], true)
 5 APPPATH\Controllers\ProductController.php(22): view('products', [...])
 6 SYSTEMPATH\CodeIgniter.php(919): App\Controllers\ProductController->jape()
 7 SYSTEMPATH\CodeIgniter.php(494): CodeIgniter\CodeIgniter->runController(Object(App\Controllers\ProductController))
 8 SYSTEMPATH\CodeIgniter.php(353): CodeIgniter\CodeIgniter->handleRequest(null, Object(Config\Cache), false)
 9 FCPATH\index.php(79): CodeIgniter\CodeIgniter->run()
10 SYSTEMPATH\Commands\Server\rewrite.php(47): require_once('C:\\laragon\\www\\lab1-products\\public\\index.php')
CRITICAL - 2023-09-22 12:12:26 --> Undefined array key "ProductName: "
in APPPATH\Views\products.php on line 59.
 1 APPPATH\Views\products.php(59): CodeIgniter\Debug\Exceptions->errorHandler(2, 'Undefined array key "ProductName: "', 'C:\\laragon\\www\\lab1-products\\app\\Views\\products.php', 59)
 2 SYSTEMPATH\View\View.php(226): include('C:\\laragon\\www\\lab1-products\\app\\Views\\products.php')
 3 SYSTEMPATH\View\View.php(229): CodeIgniter\View\View->CodeIgniter\View\{closure}()
 4 SYSTEMPATH\Common.php(1188): CodeIgniter\View\View->render('products', [], true)
 5 APPPATH\Controllers\ProductController.php(22): view('products', [...])
 6 SYSTEMPATH\CodeIgniter.php(919): App\Controllers\ProductController->jape()
 7 SYSTEMPATH\CodeIgniter.php(494): CodeIgniter\CodeIgniter->runController(Object(App\Controllers\ProductController))
 8 SYSTEMPATH\CodeIgniter.php(353): CodeIgniter\CodeIgniter->handleRequest(null, Object(Config\Cache), false)
 9 FCPATH\index.php(79): CodeIgniter\CodeIgniter->run()
10 SYSTEMPATH\Commands\Server\rewrite.php(47): require_once('C:\\laragon\\www\\lab1-products\\public\\index.php')
CRITICAL - 2023-09-22 12:12:27 --> Undefined array key "ProductName: "
in APPPATH\Views\products.php on line 59.
 1 APPPATH\Views\products.php(59): CodeIgniter\Debug\Exceptions->errorHandler(2, 'Undefined array key "ProductName: "', 'C:\\laragon\\www\\lab1-products\\app\\Views\\products.php', 59)
 2 SYSTEMPATH\View\View.php(226): include('C:\\laragon\\www\\lab1-products\\app\\Views\\products.php')
 3 SYSTEMPATH\View\View.php(229): CodeIgniter\View\View->CodeIgniter\View\{closure}()
 4 SYSTEMPATH\Common.php(1188): CodeIgniter\View\View->render('products', [], true)
 5 APPPATH\Controllers\ProductController.php(22): view('products', [...])
 6 SYSTEMPATH\CodeIgniter.php(919): App\Controllers\ProductController->jape()
 7 SYSTEMPATH\CodeIgniter.php(494): CodeIgniter\CodeIgniter->runController(Object(App\Controllers\ProductController))
 8 SYSTEMPATH\CodeIgniter.php(353): CodeIgniter\CodeIgniter->handleRequest(null, Object(Config\Cache), false)
 9 FCPATH\index.php(79): CodeIgniter\CodeIgniter->run()
10 SYSTEMPATH\Commands\Server\rewrite.php(47): require_once('C:\\laragon\\www\\lab1-products\\public\\index.php')
CRITICAL - 2023-09-22 12:12:27 --> Undefined array key "ProductName: "
in APPPATH\Views\products.php on line 59.
 1 APPPATH\Views\products.php(59): CodeIgniter\Debug\Exceptions->errorHandler(2, 'Undefined array key "ProductName: "', 'C:\\laragon\\www\\lab1-products\\app\\Views\\products.php', 59)
 2 SYSTEMPATH\View\View.php(226): include('C:\\laragon\\www\\lab1-products\\app\\Views\\products.php')
 3 SYSTEMPATH\View\View.php(229): CodeIgniter\View\View->CodeIgniter\View\{closure}()
 4 SYSTEMPATH\Common.php(1188): CodeIgniter\View\View->render('products', [], true)
 5 APPPATH\Controllers\ProductController.php(22): view('products', [...])
 6 SYSTEMPATH\CodeIgniter.php(919): App\Controllers\ProductController->jape()
 7 SYSTEMPATH\CodeIgniter.php(494): CodeIgniter\CodeIgniter->runController(Object(App\Controllers\ProductController))
 8 SYSTEMPATH\CodeIgniter.php(353): CodeIgniter\CodeIgniter->handleRequest(null, Object(Config\Cache), false)
 9 FCPATH\index.php(79): CodeIgniter\CodeIgniter->run()
10 SYSTEMPATH\Commands\Server\rewrite.php(47): require_once('C:\\laragon\\www\\lab1-products\\public\\index.php')
CRITICAL - 2023-09-22 12:12:28 --> Undefined array key "ProductName: "
in APPPATH\Views\products.php on line 59.
 1 APPPATH\Views\products.php(59): CodeIgniter\Debug\Exceptions->errorHandler(2, 'Undefined array key "ProductName: "', 'C:\\laragon\\www\\lab1-products\\app\\Views\\products.php', 59)
 2 SYSTEMPATH\View\View.php(226): include('C:\\laragon\\www\\lab1-products\\app\\Views\\products.php')
 3 SYSTEMPATH\View\View.php(229): CodeIgniter\View\View->CodeIgniter\View\{closure}()
 4 SYSTEMPATH\Common.php(1188): CodeIgniter\View\View->render('products', [], true)
 5 APPPATH\Controllers\ProductController.php(22): view('products', [...])
 6 SYSTEMPATH\CodeIgniter.php(919): App\Controllers\ProductController->jape()
 7 SYSTEMPATH\CodeIgniter.php(494): CodeIgniter\CodeIgniter->runController(Object(App\Controllers\ProductController))
 8 SYSTEMPATH\CodeIgniter.php(353): CodeIgniter\CodeIgniter->handleRequest(null, Object(Config\Cache), false)
 9 FCPATH\index.php(79): CodeIgniter\CodeIgniter->run()
10 SYSTEMPATH\Commands\Server\rewrite.php(47): require_once('C:\\laragon\\www\\lab1-products\\public\\index.php')
CRITICAL - 2023-09-22 12:12:29 --> Undefined array key "ProductName: "
in APPPATH\Views\products.php on line 59.
 1 APPPATH\Views\products.php(59): CodeIgniter\Debug\Exceptions->errorHandler(2, 'Undefined array key "ProductName: "', 'C:\\laragon\\www\\lab1-products\\app\\Views\\products.php', 59)
 2 SYSTEMPATH\View\View.php(226): include('C:\\laragon\\www\\lab1-products\\app\\Views\\products.php')
 3 SYSTEMPATH\View\View.php(229): CodeIgniter\View\View->CodeIgniter\View\{closure}()
 4 SYSTEMPATH\Common.php(1188): CodeIgniter\View\View->render('/products', [], true)
 5 APPPATH\Controllers\ProductController.php(63): view('/products', [...])
 6 SYSTEMPATH\CodeIgniter.php(919): App\Controllers\ProductController->edit('15')
 7 SYSTEMPATH\CodeIgniter.php(494): CodeIgniter\CodeIgniter->runController(Object(App\Controllers\ProductController))
 8 SYSTEMPATH\CodeIgniter.php(353): CodeIgniter\CodeIgniter->handleRequest(null, Object(Config\Cache), false)
 9 FCPATH\index.php(79): CodeIgniter\CodeIgniter->run()
10 SYSTEMPATH\Commands\Server\rewrite.php(47): require_once('C:\\laragon\\www\\lab1-products\\public\\index.php')
CRITICAL - 2023-09-22 12:12:32 --> Undefined array key "ProductName: "
in APPPATH\Views\products.php on line 59.
 1 APPPATH\Views\products.php(59): CodeIgniter\Debug\Exceptions->errorHandler(2, 'Undefined array key "ProductName: "', 'C:\\laragon\\www\\lab1-products\\app\\Views\\products.php', 59)
 2 SYSTEMPATH\View\View.php(226): include('C:\\laragon\\www\\lab1-products\\app\\Views\\products.php')
 3 SYSTEMPATH\View\View.php(229): CodeIgniter\View\View->CodeIgniter\View\{closure}()
 4 SYSTEMPATH\Common.php(1188): CodeIgniter\View\View->render('/products', [], true)
 5 APPPATH\Controllers\ProductController.php(63): view('/products', [...])
 6 SYSTEMPATH\CodeIgniter.php(919): App\Controllers\ProductController->edit('15')
 7 SYSTEMPATH\CodeIgniter.php(494): CodeIgniter\CodeIgniter->runController(Object(App\Controllers\ProductController))
 8 SYSTEMPATH\CodeIgniter.php(353): CodeIgniter\CodeIgniter->handleRequest(null, Object(Config\Cache), false)
 9 FCPATH\index.php(79): CodeIgniter\CodeIgniter->run()
10 SYSTEMPATH\Commands\Server\rewrite.php(47): require_once('C:\\laragon\\www\\lab1-products\\public\\index.php')
